<?xml version="1.0" encoding="UTF-8"?>
<testsuite xmlns:xsi="http://www.w3.org/2001/XMLSchema-instance" xsi:noNamespaceSchemaLocation="https://maven.apache.org/surefire/maven-surefire-plugin/xsd/surefire-test-report-3.0.xsd" version="3.0" name="com.neoris.jba.apiuser.ApiUserApplicationTests" time="6.034" tests="1" errors="0" skipped="0" failures="0">
  <properties>
    <property name="java.specification.version" value="17"/>
    <property name="sun.jnu.encoding" value="UTF-8"/>
    <property name="java.class.path" value="/home/jhba/Escritorio/jenkis/api-user/target/test-classes:/home/jhba/Escritorio/jenkis/api-user/target/classes:/home/jhba/.m2/repository/org/springframework/boot/spring-boot-starter-data-jpa/3.1.8/spring-boot-starter-data-jpa-3.1.8.jar:/home/jhba/.m2/repository/org/springframework/boot/spring-boot-starter-aop/3.1.8/spring-boot-starter-aop-3.1.8.jar:/home/jhba/.m2/repository/org/springframework/spring-aop/6.0.16/spring-aop-6.0.16.jar:/home/jhba/.m2/repository/org/aspectj/aspectjweaver/1.9.21/aspectjweaver-1.9.21.jar:/home/jhba/.m2/repository/org/springframework/boot/spring-boot-starter-jdbc/3.1.8/spring-boot-starter-jdbc-3.1.8.jar:/home/jhba/.m2/repository/com/zaxxer/HikariCP/5.0.1/HikariCP-5.0.1.jar:/home/jhba/.m2/repository/org/springframework/spring-jdbc/6.0.16/spring-jdbc-6.0.16.jar:/home/jhba/.m2/repository/org/hibernate/orm/hibernate-core/6.2.20.Final/hibernate-core-6.2.20.Final.jar:/home/jhba/.m2/repository/jakarta/persistence/jakarta.persistence-api/3.1.0/jakarta.persistence-api-3.1.0.jar:/home/jhba/.m2/repository/jakarta/transaction/jakarta.transaction-api/2.0.1/jakarta.transaction-api-2.0.1.jar:/home/jhba/.m2/repository/org/hibernate/common/hibernate-commons-annotations/6.0.6.Final/hibernate-commons-annotations-6.0.6.Final.jar:/home/jhba/.m2/repository/io/smallrye/jandex/3.0.5/jandex-3.0.5.jar:/home/jhba/.m2/repository/net/bytebuddy/byte-buddy/1.14.11/byte-buddy-1.14.11.jar:/home/jhba/.m2/repository/org/glassfish/jaxb/jaxb-runtime/4.0.4/jaxb-runtime-4.0.4.jar:/home/jhba/.m2/repository/org/glassfish/jaxb/jaxb-core/4.0.4/jaxb-core-4.0.4.jar:/home/jhba/.m2/repository/org/eclipse/angus/angus-activation/2.0.1/angus-activation-2.0.1.jar:/home/jhba/.m2/repository/org/glassfish/jaxb/txw2/4.0.4/txw2-4.0.4.jar:/home/jhba/.m2/repository/com/sun/istack/istack-commons-runtime/4.1.2/istack-commons-runtime-4.1.2.jar:/home/jhba/.m2/repository/jakarta/inject/jakarta.inject-api/2.0.1/jakarta.inject-api-2.0.1.jar:/home/jhba/.m2/repository/org/antlr/antlr4-runtime/4.10.1/antlr4-runtime-4.10.1.jar:/home/jhba/.m2/repository/org/springframework/data/spring-data-jpa/3.1.8/spring-data-jpa-3.1.8.jar:/home/jhba/.m2/repository/org/springframework/data/spring-data-commons/3.1.8/spring-data-commons-3.1.8.jar:/home/jhba/.m2/repository/org/springframework/spring-orm/6.0.16/spring-orm-6.0.16.jar:/home/jhba/.m2/repository/org/springframework/spring-context/6.0.16/spring-context-6.0.16.jar:/home/jhba/.m2/repository/org/springframework/spring-tx/6.0.16/spring-tx-6.0.16.jar:/home/jhba/.m2/repository/org/springframework/spring-beans/6.0.16/spring-beans-6.0.16.jar:/home/jhba/.m2/repository/jakarta/annotation/jakarta.annotation-api/2.1.1/jakarta.annotation-api-2.1.1.jar:/home/jhba/.m2/repository/org/slf4j/slf4j-api/2.0.11/slf4j-api-2.0.11.jar:/home/jhba/.m2/repository/org/springframework/spring-aspects/6.0.16/spring-aspects-6.0.16.jar:/home/jhba/.m2/repository/org/springframework/boot/spring-boot-starter-web/3.1.8/spring-boot-starter-web-3.1.8.jar:/home/jhba/.m2/repository/org/springframework/boot/spring-boot-starter/3.1.8/spring-boot-starter-3.1.8.jar:/home/jhba/.m2/repository/org/springframework/boot/spring-boot/3.1.8/spring-boot-3.1.8.jar:/home/jhba/.m2/repository/org/springframework/boot/spring-boot-autoconfigure/3.1.8/spring-boot-autoconfigure-3.1.8.jar:/home/jhba/.m2/repository/org/springframework/boot/spring-boot-starter-logging/3.1.8/spring-boot-starter-logging-3.1.8.jar:/home/jhba/.m2/repository/ch/qos/logback/logback-classic/1.4.14/logback-classic-1.4.14.jar:/home/jhba/.m2/repository/ch/qos/logback/logback-core/1.4.14/logback-core-1.4.14.jar:/home/jhba/.m2/repository/org/apache/logging/log4j/log4j-to-slf4j/2.20.0/log4j-to-slf4j-2.20.0.jar:/home/jhba/.m2/repository/org/apache/logging/log4j/log4j-api/2.20.0/log4j-api-2.20.0.jar:/home/jhba/.m2/repository/org/slf4j/jul-to-slf4j/2.0.11/jul-to-slf4j-2.0.11.jar:/home/jhba/.m2/repository/org/yaml/snakeyaml/1.33/snakeyaml-1.33.jar:/home/jhba/.m2/repository/org/springframework/boot/spring-boot-starter-json/3.1.8/spring-boot-starter-json-3.1.8.jar:/home/jhba/.m2/repository/com/fasterxml/jackson/datatype/jackson-datatype-jdk8/2.15.3/jackson-datatype-jdk8-2.15.3.jar:/home/jhba/.m2/repository/com/fasterxml/jackson/datatype/jackson-datatype-jsr310/2.15.3/jackson-datatype-jsr310-2.15.3.jar:/home/jhba/.m2/repository/com/fasterxml/jackson/module/jackson-module-parameter-names/2.15.3/jackson-module-parameter-names-2.15.3.jar:/home/jhba/.m2/repository/org/springframework/boot/spring-boot-starter-tomcat/3.1.8/spring-boot-starter-tomcat-3.1.8.jar:/home/jhba/.m2/repository/org/apache/tomcat/embed/tomcat-embed-core/10.1.18/tomcat-embed-core-10.1.18.jar:/home/jhba/.m2/repository/org/apache/tomcat/embed/tomcat-embed-el/10.1.18/tomcat-embed-el-10.1.18.jar:/home/jhba/.m2/repository/org/apache/tomcat/embed/tomcat-embed-websocket/10.1.18/tomcat-embed-websocket-10.1.18.jar:/home/jhba/.m2/repository/org/springframework/spring-web/6.0.16/spring-web-6.0.16.jar:/home/jhba/.m2/repository/io/micrometer/micrometer-observation/1.11.8/micrometer-observation-1.11.8.jar:/home/jhba/.m2/repository/io/micrometer/micrometer-commons/1.11.8/micrometer-commons-1.11.8.jar:/home/jhba/.m2/repository/org/springframework/spring-webmvc/6.0.16/spring-webmvc-6.0.16.jar:/home/jhba/.m2/repository/org/springframework/spring-expression/6.0.16/spring-expression-6.0.16.jar:/home/jhba/.m2/repository/org/modelmapper/modelmapper/2.4.4/modelmapper-2.4.4.jar:/home/jhba/.m2/repository/org/springdoc/springdoc-openapi-starter-webmvc-ui/2.2.0/springdoc-openapi-starter-webmvc-ui-2.2.0.jar:/home/jhba/.m2/repository/org/springdoc/springdoc-openapi-starter-webmvc-api/2.2.0/springdoc-openapi-starter-webmvc-api-2.2.0.jar:/home/jhba/.m2/repository/org/springdoc/springdoc-openapi-starter-common/2.2.0/springdoc-openapi-starter-common-2.2.0.jar:/home/jhba/.m2/repository/io/swagger/core/v3/swagger-core-jakarta/2.2.15/swagger-core-jakarta-2.2.15.jar:/home/jhba/.m2/repository/org/apache/commons/commons-lang3/3.12.0/commons-lang3-3.12.0.jar:/home/jhba/.m2/repository/io/swagger/core/v3/swagger-annotations-jakarta/2.2.15/swagger-annotations-jakarta-2.2.15.jar:/home/jhba/.m2/repository/io/swagger/core/v3/swagger-models-jakarta/2.2.15/swagger-models-jakarta-2.2.15.jar:/home/jhba/.m2/repository/com/fasterxml/jackson/dataformat/jackson-dataformat-yaml/2.15.3/jackson-dataformat-yaml-2.15.3.jar:/home/jhba/.m2/repository/org/webjars/swagger-ui/5.2.0/swagger-ui-5.2.0.jar:/home/jhba/.m2/repository/io/jsonwebtoken/jjwt-api/0.11.5/jjwt-api-0.11.5.jar:/home/jhba/.m2/repository/io/jsonwebtoken/jjwt-jackson/0.11.5/jjwt-jackson-0.11.5.jar:/home/jhba/.m2/repository/com/fasterxml/jackson/core/jackson-databind/2.15.3/jackson-databind-2.15.3.jar:/home/jhba/.m2/repository/com/fasterxml/jackson/core/jackson-annotations/2.15.3/jackson-annotations-2.15.3.jar:/home/jhba/.m2/repository/com/fasterxml/jackson/core/jackson-core/2.15.3/jackson-core-2.15.3.jar:/home/jhba/.m2/repository/io/jsonwebtoken/jjwt-impl/0.11.2/jjwt-impl-0.11.2.jar:/home/jhba/.m2/repository/org/hibernate/validator/hibernate-validator/7.0.1.Final/hibernate-validator-7.0.1.Final.jar:/home/jhba/.m2/repository/jakarta/validation/jakarta.validation-api/3.0.2/jakarta.validation-api-3.0.2.jar:/home/jhba/.m2/repository/org/jboss/logging/jboss-logging/3.5.3.Final/jboss-logging-3.5.3.Final.jar:/home/jhba/.m2/repository/com/fasterxml/classmate/1.5.1/classmate-1.5.1.jar:/home/jhba/.m2/repository/com/h2database/h2/2.1.214/h2-2.1.214.jar:/home/jhba/.m2/repository/org/projectlombok/lombok/1.18.30/lombok-1.18.30.jar:/home/jhba/.m2/repository/org/springframework/boot/spring-boot-starter-test/3.1.8/spring-boot-starter-test-3.1.8.jar:/home/jhba/.m2/repository/org/springframework/boot/spring-boot-test/3.1.8/spring-boot-test-3.1.8.jar:/home/jhba/.m2/repository/org/springframework/boot/spring-boot-test-autoconfigure/3.1.8/spring-boot-test-autoconfigure-3.1.8.jar:/home/jhba/.m2/repository/com/jayway/jsonpath/json-path/2.8.0/json-path-2.8.0.jar:/home/jhba/.m2/repository/jakarta/xml/bind/jakarta.xml.bind-api/4.0.1/jakarta.xml.bind-api-4.0.1.jar:/home/jhba/.m2/repository/jakarta/activation/jakarta.activation-api/2.1.2/jakarta.activation-api-2.1.2.jar:/home/jhba/.m2/repository/net/minidev/json-smart/2.4.11/json-smart-2.4.11.jar:/home/jhba/.m2/repository/net/minidev/accessors-smart/2.4.11/accessors-smart-2.4.11.jar:/home/jhba/.m2/repository/org/ow2/asm/asm/9.3/asm-9.3.jar:/home/jhba/.m2/repository/org/assertj/assertj-core/3.24.2/assertj-core-3.24.2.jar:/home/jhba/.m2/repository/org/hamcrest/hamcrest/2.2/hamcrest-2.2.jar:/home/jhba/.m2/repository/org/junit/jupiter/junit-jupiter/5.9.3/junit-jupiter-5.9.3.jar:/home/jhba/.m2/repository/org/junit/jupiter/junit-jupiter-api/5.9.3/junit-jupiter-api-5.9.3.jar:/home/jhba/.m2/repository/org/opentest4j/opentest4j/1.2.0/opentest4j-1.2.0.jar:/home/jhba/.m2/repository/org/junit/platform/junit-platform-commons/1.9.3/junit-platform-commons-1.9.3.jar:/home/jhba/.m2/repository/org/apiguardian/apiguardian-api/1.1.2/apiguardian-api-1.1.2.jar:/home/jhba/.m2/repository/org/junit/jupiter/junit-jupiter-params/5.9.3/junit-jupiter-params-5.9.3.jar:/home/jhba/.m2/repository/org/junit/jupiter/junit-jupiter-engine/5.9.3/junit-jupiter-engine-5.9.3.jar:/home/jhba/.m2/repository/org/junit/platform/junit-platform-engine/1.9.3/junit-platform-engine-1.9.3.jar:/home/jhba/.m2/repository/org/mockito/mockito-core/5.3.1/mockito-core-5.3.1.jar:/home/jhba/.m2/repository/net/bytebuddy/byte-buddy-agent/1.14.11/byte-buddy-agent-1.14.11.jar:/home/jhba/.m2/repository/org/objenesis/objenesis/3.3/objenesis-3.3.jar:/home/jhba/.m2/repository/org/mockito/mockito-junit-jupiter/5.3.1/mockito-junit-jupiter-5.3.1.jar:/home/jhba/.m2/repository/org/skyscreamer/jsonassert/1.5.1/jsonassert-1.5.1.jar:/home/jhba/.m2/repository/com/vaadin/external/google/android-json/0.0.20131108.vaadin1/android-json-0.0.20131108.vaadin1.jar:/home/jhba/.m2/repository/org/springframework/spring-core/6.0.16/spring-core-6.0.16.jar:/home/jhba/.m2/repository/org/springframework/spring-jcl/6.0.16/spring-jcl-6.0.16.jar:/home/jhba/.m2/repository/org/springframework/spring-test/6.0.16/spring-test-6.0.16.jar:/home/jhba/.m2/repository/org/xmlunit/xmlunit-core/2.9.1/xmlunit-core-2.9.1.jar:"/>
    <property name="java.vm.vendor" value="Ubuntu"/>
    <property name="sun.arch.data.model" value="64"/>
    <property name="java.vendor.url" value="https://ubuntu.com/"/>
    <property name="user.timezone" value="America/Santiago"/>
    <property name="org.jboss.logging.provider" value="slf4j"/>
    <property name="os.name" value="Linux"/>
    <property name="java.vm.specification.version" value="17"/>
    <property name="sun.java.launcher" value="SUN_STANDARD"/>
    <property name="user.country" value="CL"/>
    <property name="sun.boot.library.path" value="/usr/lib/jvm/java-17-openjdk-amd64/lib"/>
    <property name="sun.java.command" value="/home/jhba/Escritorio/jenkis/api-user/target/surefire/surefirebooter-20241025181637047_3.jar /home/jhba/Escritorio/jenkis/api-user/target/surefire 2024-10-25T18-16-36_986-jvmRun1 surefire-20241025181637047_1tmp surefire_0-20241025181637047_2tmp"/>
    <property name="jdk.debug" value="release"/>
    <property name="surefire.test.class.path" value="/home/jhba/Escritorio/jenkis/api-user/target/test-classes:/home/jhba/Escritorio/jenkis/api-user/target/classes:/home/jhba/.m2/repository/org/springframework/boot/spring-boot-starter-data-jpa/3.1.8/spring-boot-starter-data-jpa-3.1.8.jar:/home/jhba/.m2/repository/org/springframework/boot/spring-boot-starter-aop/3.1.8/spring-boot-starter-aop-3.1.8.jar:/home/jhba/.m2/repository/org/springframework/spring-aop/6.0.16/spring-aop-6.0.16.jar:/home/jhba/.m2/repository/org/aspectj/aspectjweaver/1.9.21/aspectjweaver-1.9.21.jar:/home/jhba/.m2/repository/org/springframework/boot/spring-boot-starter-jdbc/3.1.8/spring-boot-starter-jdbc-3.1.8.jar:/home/jhba/.m2/repository/com/zaxxer/HikariCP/5.0.1/HikariCP-5.0.1.jar:/home/jhba/.m2/repository/org/springframework/spring-jdbc/6.0.16/spring-jdbc-6.0.16.jar:/home/jhba/.m2/repository/org/hibernate/orm/hibernate-core/6.2.20.Final/hibernate-core-6.2.20.Final.jar:/home/jhba/.m2/repository/jakarta/persistence/jakarta.persistence-api/3.1.0/jakarta.persistence-api-3.1.0.jar:/home/jhba/.m2/repository/jakarta/transaction/jakarta.transaction-api/2.0.1/jakarta.transaction-api-2.0.1.jar:/home/jhba/.m2/repository/org/hibernate/common/hibernate-commons-annotations/6.0.6.Final/hibernate-commons-annotations-6.0.6.Final.jar:/home/jhba/.m2/repository/io/smallrye/jandex/3.0.5/jandex-3.0.5.jar:/home/jhba/.m2/repository/net/bytebuddy/byte-buddy/1.14.11/byte-buddy-1.14.11.jar:/home/jhba/.m2/repository/org/glassfish/jaxb/jaxb-runtime/4.0.4/jaxb-runtime-4.0.4.jar:/home/jhba/.m2/repository/org/glassfish/jaxb/jaxb-core/4.0.4/jaxb-core-4.0.4.jar:/home/jhba/.m2/repository/org/eclipse/angus/angus-activation/2.0.1/angus-activation-2.0.1.jar:/home/jhba/.m2/repository/org/glassfish/jaxb/txw2/4.0.4/txw2-4.0.4.jar:/home/jhba/.m2/repository/com/sun/istack/istack-commons-runtime/4.1.2/istack-commons-runtime-4.1.2.jar:/home/jhba/.m2/repository/jakarta/inject/jakarta.inject-api/2.0.1/jakarta.inject-api-2.0.1.jar:/home/jhba/.m2/repository/org/antlr/antlr4-runtime/4.10.1/antlr4-runtime-4.10.1.jar:/home/jhba/.m2/repository/org/springframework/data/spring-data-jpa/3.1.8/spring-data-jpa-3.1.8.jar:/home/jhba/.m2/repository/org/springframework/data/spring-data-commons/3.1.8/spring-data-commons-3.1.8.jar:/home/jhba/.m2/repository/org/springframework/spring-orm/6.0.16/spring-orm-6.0.16.jar:/home/jhba/.m2/repository/org/springframework/spring-context/6.0.16/spring-context-6.0.16.jar:/home/jhba/.m2/repository/org/springframework/spring-tx/6.0.16/spring-tx-6.0.16.jar:/home/jhba/.m2/repository/org/springframework/spring-beans/6.0.16/spring-beans-6.0.16.jar:/home/jhba/.m2/repository/jakarta/annotation/jakarta.annotation-api/2.1.1/jakarta.annotation-api-2.1.1.jar:/home/jhba/.m2/repository/org/slf4j/slf4j-api/2.0.11/slf4j-api-2.0.11.jar:/home/jhba/.m2/repository/org/springframework/spring-aspects/6.0.16/spring-aspects-6.0.16.jar:/home/jhba/.m2/repository/org/springframework/boot/spring-boot-starter-web/3.1.8/spring-boot-starter-web-3.1.8.jar:/home/jhba/.m2/repository/org/springframework/boot/spring-boot-starter/3.1.8/spring-boot-starter-3.1.8.jar:/home/jhba/.m2/repository/org/springframework/boot/spring-boot/3.1.8/spring-boot-3.1.8.jar:/home/jhba/.m2/repository/org/springframework/boot/spring-boot-autoconfigure/3.1.8/spring-boot-autoconfigure-3.1.8.jar:/home/jhba/.m2/repository/org/springframework/boot/spring-boot-starter-logging/3.1.8/spring-boot-starter-logging-3.1.8.jar:/home/jhba/.m2/repository/ch/qos/logback/logback-classic/1.4.14/logback-classic-1.4.14.jar:/home/jhba/.m2/repository/ch/qos/logback/logback-core/1.4.14/logback-core-1.4.14.jar:/home/jhba/.m2/repository/org/apache/logging/log4j/log4j-to-slf4j/2.20.0/log4j-to-slf4j-2.20.0.jar:/home/jhba/.m2/repository/org/apache/logging/log4j/log4j-api/2.20.0/log4j-api-2.20.0.jar:/home/jhba/.m2/repository/org/slf4j/jul-to-slf4j/2.0.11/jul-to-slf4j-2.0.11.jar:/home/jhba/.m2/repository/org/yaml/snakeyaml/1.33/snakeyaml-1.33.jar:/home/jhba/.m2/repository/org/springframework/boot/spring-boot-starter-json/3.1.8/spring-boot-starter-json-3.1.8.jar:/home/jhba/.m2/repository/com/fasterxml/jackson/datatype/jackson-datatype-jdk8/2.15.3/jackson-datatype-jdk8-2.15.3.jar:/home/jhba/.m2/repository/com/fasterxml/jackson/datatype/jackson-datatype-jsr310/2.15.3/jackson-datatype-jsr310-2.15.3.jar:/home/jhba/.m2/repository/com/fasterxml/jackson/module/jackson-module-parameter-names/2.15.3/jackson-module-parameter-names-2.15.3.jar:/home/jhba/.m2/repository/org/springframework/boot/spring-boot-starter-tomcat/3.1.8/spring-boot-starter-tomcat-3.1.8.jar:/home/jhba/.m2/repository/org/apache/tomcat/embed/tomcat-embed-core/10.1.18/tomcat-embed-core-10.1.18.jar:/home/jhba/.m2/repository/org/apache/tomcat/embed/tomcat-embed-el/10.1.18/tomcat-embed-el-10.1.18.jar:/home/jhba/.m2/repository/org/apache/tomcat/embed/tomcat-embed-websocket/10.1.18/tomcat-embed-websocket-10.1.18.jar:/home/jhba/.m2/repository/org/springframework/spring-web/6.0.16/spring-web-6.0.16.jar:/home/jhba/.m2/repository/io/micrometer/micrometer-observation/1.11.8/micrometer-observation-1.11.8.jar:/home/jhba/.m2/repository/io/micrometer/micrometer-commons/1.11.8/micrometer-commons-1.11.8.jar:/home/jhba/.m2/repository/org/springframework/spring-webmvc/6.0.16/spring-webmvc-6.0.16.jar:/home/jhba/.m2/repository/org/springframework/spring-expression/6.0.16/spring-expression-6.0.16.jar:/home/jhba/.m2/repository/org/modelmapper/modelmapper/2.4.4/modelmapper-2.4.4.jar:/home/jhba/.m2/repository/org/springdoc/springdoc-openapi-starter-webmvc-ui/2.2.0/springdoc-openapi-starter-webmvc-ui-2.2.0.jar:/home/jhba/.m2/repository/org/springdoc/springdoc-openapi-starter-webmvc-api/2.2.0/springdoc-openapi-starter-webmvc-api-2.2.0.jar:/home/jhba/.m2/repository/org/springdoc/springdoc-openapi-starter-common/2.2.0/springdoc-openapi-starter-common-2.2.0.jar:/home/jhba/.m2/repository/io/swagger/core/v3/swagger-core-jakarta/2.2.15/swagger-core-jakarta-2.2.15.jar:/home/jhba/.m2/repository/org/apache/commons/commons-lang3/3.12.0/commons-lang3-3.12.0.jar:/home/jhba/.m2/repository/io/swagger/core/v3/swagger-annotations-jakarta/2.2.15/swagger-annotations-jakarta-2.2.15.jar:/home/jhba/.m2/repository/io/swagger/core/v3/swagger-models-jakarta/2.2.15/swagger-models-jakarta-2.2.15.jar:/home/jhba/.m2/repository/com/fasterxml/jackson/dataformat/jackson-dataformat-yaml/2.15.3/jackson-dataformat-yaml-2.15.3.jar:/home/jhba/.m2/repository/org/webjars/swagger-ui/5.2.0/swagger-ui-5.2.0.jar:/home/jhba/.m2/repository/io/jsonwebtoken/jjwt-api/0.11.5/jjwt-api-0.11.5.jar:/home/jhba/.m2/repository/io/jsonwebtoken/jjwt-jackson/0.11.5/jjwt-jackson-0.11.5.jar:/home/jhba/.m2/repository/com/fasterxml/jackson/core/jackson-databind/2.15.3/jackson-databind-2.15.3.jar:/home/jhba/.m2/repository/com/fasterxml/jackson/core/jackson-annotations/2.15.3/jackson-annotations-2.15.3.jar:/home/jhba/.m2/repository/com/fasterxml/jackson/core/jackson-core/2.15.3/jackson-core-2.15.3.jar:/home/jhba/.m2/repository/io/jsonwebtoken/jjwt-impl/0.11.2/jjwt-impl-0.11.2.jar:/home/jhba/.m2/repository/org/hibernate/validator/hibernate-validator/7.0.1.Final/hibernate-validator-7.0.1.Final.jar:/home/jhba/.m2/repository/jakarta/validation/jakarta.validation-api/3.0.2/jakarta.validation-api-3.0.2.jar:/home/jhba/.m2/repository/org/jboss/logging/jboss-logging/3.5.3.Final/jboss-logging-3.5.3.Final.jar:/home/jhba/.m2/repository/com/fasterxml/classmate/1.5.1/classmate-1.5.1.jar:/home/jhba/.m2/repository/com/h2database/h2/2.1.214/h2-2.1.214.jar:/home/jhba/.m2/repository/org/projectlombok/lombok/1.18.30/lombok-1.18.30.jar:/home/jhba/.m2/repository/org/springframework/boot/spring-boot-starter-test/3.1.8/spring-boot-starter-test-3.1.8.jar:/home/jhba/.m2/repository/org/springframework/boot/spring-boot-test/3.1.8/spring-boot-test-3.1.8.jar:/home/jhba/.m2/repository/org/springframework/boot/spring-boot-test-autoconfigure/3.1.8/spring-boot-test-autoconfigure-3.1.8.jar:/home/jhba/.m2/repository/com/jayway/jsonpath/json-path/2.8.0/json-path-2.8.0.jar:/home/jhba/.m2/repository/jakarta/xml/bind/jakarta.xml.bind-api/4.0.1/jakarta.xml.bind-api-4.0.1.jar:/home/jhba/.m2/repository/jakarta/activation/jakarta.activation-api/2.1.2/jakarta.activation-api-2.1.2.jar:/home/jhba/.m2/repository/net/minidev/json-smart/2.4.11/json-smart-2.4.11.jar:/home/jhba/.m2/repository/net/minidev/accessors-smart/2.4.11/accessors-smart-2.4.11.jar:/home/jhba/.m2/repository/org/ow2/asm/asm/9.3/asm-9.3.jar:/home/jhba/.m2/repository/org/assertj/assertj-core/3.24.2/assertj-core-3.24.2.jar:/home/jhba/.m2/repository/org/hamcrest/hamcrest/2.2/hamcrest-2.2.jar:/home/jhba/.m2/repository/org/junit/jupiter/junit-jupiter/5.9.3/junit-jupiter-5.9.3.jar:/home/jhba/.m2/repository/org/junit/jupiter/junit-jupiter-api/5.9.3/junit-jupiter-api-5.9.3.jar:/home/jhba/.m2/repository/org/opentest4j/opentest4j/1.2.0/opentest4j-1.2.0.jar:/home/jhba/.m2/repository/org/junit/platform/junit-platform-commons/1.9.3/junit-platform-commons-1.9.3.jar:/home/jhba/.m2/repository/org/apiguardian/apiguardian-api/1.1.2/apiguardian-api-1.1.2.jar:/home/jhba/.m2/repository/org/junit/jupiter/junit-jupiter-params/5.9.3/junit-jupiter-params-5.9.3.jar:/home/jhba/.m2/repository/org/junit/jupiter/junit-jupiter-engine/5.9.3/junit-jupiter-engine-5.9.3.jar:/home/jhba/.m2/repository/org/junit/platform/junit-platform-engine/1.9.3/junit-platform-engine-1.9.3.jar:/home/jhba/.m2/repository/org/mockito/mockito-core/5.3.1/mockito-core-5.3.1.jar:/home/jhba/.m2/repository/net/bytebuddy/byte-buddy-agent/1.14.11/byte-buddy-agent-1.14.11.jar:/home/jhba/.m2/repository/org/objenesis/objenesis/3.3/objenesis-3.3.jar:/home/jhba/.m2/repository/org/mockito/mockito-junit-jupiter/5.3.1/mockito-junit-jupiter-5.3.1.jar:/home/jhba/.m2/repository/org/skyscreamer/jsonassert/1.5.1/jsonassert-1.5.1.jar:/home/jhba/.m2/repository/com/vaadin/external/google/android-json/0.0.20131108.vaadin1/android-json-0.0.20131108.vaadin1.jar:/home/jhba/.m2/repository/org/springframework/spring-core/6.0.16/spring-core-6.0.16.jar:/home/jhba/.m2/repository/org/springframework/spring-jcl/6.0.16/spring-jcl-6.0.16.jar:/home/jhba/.m2/repository/org/springframework/spring-test/6.0.16/spring-test-6.0.16.jar:/home/jhba/.m2/repository/org/xmlunit/xmlunit-core/2.9.1/xmlunit-core-2.9.1.jar:"/>
    <property name="sun.cpu.endian" value="little"/>
    <property name="user.home" value="/home/jhba"/>
    <property name="user.language" value="es"/>
    <property name="java.specification.vendor" value="Oracle Corporation"/>
    <property name="java.version.date" value="2024-07-16"/>
    <property name="java.home" value="/usr/lib/jvm/java-17-openjdk-amd64"/>
    <property name="file.separator" value="/"/>
    <property name="basedir" value="/home/jhba/Escritorio/jenkis/api-user"/>
    <property name="java.vm.compressedOopsMode" value="Zero based"/>
    <property name="line.separator" value="&#10;"/>
    <property name="java.vm.specification.vendor" value="Oracle Corporation"/>
    <property name="java.specification.name" value="Java Platform API Specification"/>
    <property name="FILE_LOG_CHARSET" value="UTF-8"/>
    <property name="java.awt.headless" value="true"/>
    <property name="surefire.real.class.path" value="/home/jhba/Escritorio/jenkis/api-user/target/surefire/surefirebooter-20241025181637047_3.jar"/>
    <property name="sun.management.compiler" value="HotSpot 64-Bit Tiered Compilers"/>
    <property name="java.runtime.version" value="17.0.12+7-Ubuntu-1ubuntu224.04"/>
    <property name="user.name" value="jhba"/>
    <property name="path.separator" value=":"/>
    <property name="os.version" value="6.8.0-47-generic"/>
    <property name="java.runtime.name" value="OpenJDK Runtime Environment"/>
    <property name="file.encoding" value="UTF-8"/>
    <property name="java.vm.name" value="OpenJDK 64-Bit Server VM"/>
    <property name="localRepository" value="/home/jhba/.m2/repository"/>
    <property name="java.vendor.url.bug" value="https://bugs.launchpad.net/ubuntu/+source/openjdk-17"/>
    <property name="java.io.tmpdir" value="/tmp"/>
    <property name="com.zaxxer.hikari.pool_number" value="1"/>
    <property name="java.version" value="17.0.12"/>
    <property name="user.dir" value="/home/jhba/Escritorio/jenkis/api-user"/>
    <property name="os.arch" value="amd64"/>
    <property name="java.vm.specification.name" value="Java Virtual Machine Specification"/>
    <property name="PID" value="126754"/>
    <property name="CONSOLE_LOG_CHARSET" value="UTF-8"/>
    <property name="native.encoding" value="UTF-8"/>
    <property name="java.library.path" value="/usr/java/packages/lib:/usr/lib/x86_64-linux-gnu/jni:/lib/x86_64-linux-gnu:/usr/lib/x86_64-linux-gnu:/usr/lib/jni:/lib:/usr/lib"/>
    <property name="java.vm.info" value="mixed mode, sharing"/>
    <property name="java.vendor" value="Ubuntu"/>
    <property name="java.vm.version" value="17.0.12+7-Ubuntu-1ubuntu224.04"/>
    <property name="sun.io.unicode.encoding" value="UnicodeLittle"/>
    <property name="java.class.version" value="61.0"/>
  </properties>
  <testcase name="contextLoads" classname="com.neoris.jba.apiuser.ApiUserApplicationTests" time="0.016">
    <system-out><![CDATA[18:16:39.978 [main] INFO org.springframework.test.context.support.AnnotationConfigContextLoaderUtils -- Could not detect default configuration classes for test class [com.neoris.jba.apiuser.ApiUserApplicationTests]: ApiUserApplicationTests does not declare any static, non-private, non-final, nested classes annotated with @Configuration.
18:16:40.164 [main] INFO org.springframework.boot.test.context.SpringBootTestContextBootstrapper -- Found @SpringBootConfiguration com.neoris.jba.apiuser.ApiUserApplication for test class com.neoris.jba.apiuser.ApiUserApplicationTests

  .   ____          _            __ _ _
 /\\ / ___'_ __ _ _(_)_ __  __ _ \ \ \ \
( ( )\___ | '_ | '_| | '_ \/ _` | \ \ \ \
 \\/  ___)| |_)| | | | | || (_| |  ) ) ) )
  '  |____| .__|_| |_|_| |_\__, | / / / /
 =========|_|==============|___/=/_/_/_/
 :: Spring Boot ::                (v3.1.8)

2024-10-25T18:16:40.781-03:00  INFO 126754 --- [           main] c.n.jba.apiuser.ApiUserApplicationTests  : Starting ApiUserApplicationTests using Java 17.0.12 with PID 126754 (started by jhba in /home/jhba/Escritorio/jenkis/api-user)
2024-10-25T18:16:40.783-03:00  INFO 126754 --- [           main] c.n.jba.apiuser.ApiUserApplicationTests  : The following 1 profile is active: "dev"
2024-10-25T18:16:41.788-03:00  INFO 126754 --- [           main] .s.d.r.c.RepositoryConfigurationDelegate : Bootstrapping Spring Data JPA repositories in DEFAULT mode.
2024-10-25T18:16:41.858-03:00  INFO 126754 --- [           main] .s.d.r.c.RepositoryConfigurationDelegate : Finished Spring Data repository scanning in 60 ms. Found 1 JPA repository interface.
2024-10-25T18:16:42.384-03:00  INFO 126754 --- [           main] o.hibernate.jpa.internal.util.LogHelper  : HHH000204: Processing PersistenceUnitInfo [name: default]
2024-10-25T18:16:42.466-03:00  INFO 126754 --- [           main] org.hibernate.Version                    : HHH000412: Hibernate ORM core version 6.2.20.Final
2024-10-25T18:16:42.470-03:00  INFO 126754 --- [           main] org.hibernate.cfg.Environment            : HHH000406: Using bytecode reflection optimizer
2024-10-25T18:16:42.692-03:00  INFO 126754 --- [           main] o.s.o.j.p.SpringPersistenceUnitInfo      : No LoadTimeWeaver setup: ignoring JPA class transformer
2024-10-25T18:16:42.733-03:00  INFO 126754 --- [           main] com.zaxxer.hikari.HikariDataSource       : HikariPool-1 - Starting...
2024-10-25T18:16:43.191-03:00  INFO 126754 --- [           main] com.zaxxer.hikari.pool.HikariPool        : HikariPool-1 - Added connection conn0: url=jdbc:h2:mem:neorisdb user=SA
2024-10-25T18:16:43.193-03:00  INFO 126754 --- [           main] com.zaxxer.hikari.HikariDataSource       : HikariPool-1 - Start completed.
2024-10-25T18:16:43.229-03:00  WARN 126754 --- [           main] org.hibernate.orm.deprecation            : HHH90000025: H2Dialect does not need to be specified explicitly using 'hibernate.dialect' (remove the property setting and it will be selected by default)
2024-10-25T18:16:44.363-03:00  INFO 126754 --- [           main] o.h.e.t.j.p.i.JtaPlatformInitiator       : HHH000489: No JTA platform available (set 'hibernate.transaction.jta.platform' to enable JTA platform integration)
2024-10-25T18:16:44.432-03:00 DEBUG 126754 --- [           main] org.hibernate.SQL                        : create table phone (id varchar(255) not null, city_code varchar(255), country_code varchar(255), number varchar(255), user_id varchar(255), primary key (id))
2024-10-25T18:16:44.443-03:00 DEBUG 126754 --- [           main] org.hibernate.SQL                        : create table usuario (id varchar(255) not null, created timestamp(6), email varchar(255), is_active boolean, last_login timestamp(6), modified timestamp(6), name varchar(255), password varchar(255), token varchar(255), user_name varchar(255), primary key (id))
2024-10-25T18:16:44.446-03:00 DEBUG 126754 --- [           main] org.hibernate.SQL                        : alter table if exists phone add constraint FKpne7v5ag51wcyg7ibrusjw0kw foreign key (user_id) references usuario
2024-10-25T18:16:44.457-03:00  INFO 126754 --- [           main] j.LocalContainerEntityManagerFactoryBean : Initialized JPA EntityManagerFactory for persistence unit 'default'
2024-10-25T18:16:45.169-03:00  WARN 126754 --- [           main] JpaBaseConfiguration$JpaWebConfiguration : spring.jpa.open-in-view is enabled by default. Therefore, database queries may be performed during view rendering. Explicitly configure spring.jpa.open-in-view to disable this warning
2024-10-25T18:16:45.619-03:00  INFO 126754 --- [           main] o.s.b.a.h2.H2ConsoleAutoConfiguration    : H2 console available at '/h2-console'. Database available at 'jdbc:h2:mem:neorisdb'
2024-10-25T18:16:45.674-03:00  INFO 126754 --- [           main] c.n.jba.apiuser.ApiUserApplicationTests  : Started ApiUserApplicationTests in 5.276 seconds (process running for 8.576)
]]></system-out>
  </testcase>
</testsuite>